TN:
SF:src/api/server.js
FN:15,(anonymous_0)
FN:24,(anonymous_1)
FN:30,(anonymous_2)
FNF:3
FNH:2
FNDA:16,(anonymous_0)
FNDA:0,(anonymous_1)
FNDA:1,(anonymous_2)
DA:1,1
DA:2,1
DA:3,1
DA:5,1
DA:7,1
DA:8,1
DA:11,1
DA:12,1
DA:15,1
DA:16,16
DA:17,16
DA:21,1
DA:24,1
DA:25,0
DA:26,0
DA:30,1
DA:31,1
DA:34,1
LF:18
LH:16
BRDA:8,0,0,1
BRDA:8,0,1,1
BRF:2
BRH:2
end_of_record
TN:
SF:src/api/routes/analytics.js
FN:7,(anonymous_0)
FN:23,(anonymous_1)
FN:39,(anonymous_2)
FN:55,(anonymous_3)
FNF:4
FNH:4
FNDA:4,(anonymous_0)
FNDA:5,(anonymous_1)
FNDA:3,(anonymous_2)
FNDA:3,(anonymous_3)
DA:1,1
DA:2,1
DA:3,1
DA:4,1
DA:7,1
DA:8,4
DA:9,4
DA:10,4
DA:11,2
DA:13,2
DA:14,1
DA:15,1
DA:17,1
DA:18,1
DA:23,1
DA:24,5
DA:25,5
DA:26,5
DA:27,3
DA:29,2
DA:30,1
DA:31,1
DA:33,1
DA:34,1
DA:39,1
DA:40,3
DA:41,3
DA:42,3
DA:43,1
DA:45,2
DA:46,1
DA:47,1
DA:49,1
DA:50,1
DA:55,1
DA:56,3
DA:57,3
DA:58,3
DA:59,1
DA:61,2
DA:62,1
DA:63,1
DA:65,1
DA:66,1
DA:70,1
LF:45
LH:45
BRDA:10,0,0,2
BRDA:10,0,1,2
BRDA:10,1,0,4
BRDA:10,1,1,3
BRDA:26,2,0,3
BRDA:26,2,1,2
BRDA:26,3,0,5
BRDA:26,3,1,4
BRDA:26,3,2,3
BRDA:42,4,0,1
BRDA:42,4,1,2
BRDA:58,5,0,1
BRDA:58,5,1,2
BRF:13
BRH:13
end_of_record
TN:
SF:src/ingestion/c-chain.js
FN:15,connectToCChain
FN:28,fetchLatestBlock
FN:51,fetchTransactionsInBlock
FN:112,fetchContractEvents
FNF:4
FNH:1
FNDA:2,connectToCChain
FNDA:0,fetchLatestBlock
FNDA:0,fetchTransactionsInBlock
FNDA:0,fetchContractEvents
DA:1,1
DA:2,1
DA:3,1
DA:5,1
DA:16,2
DA:17,2
DA:20,1
DA:21,1
DA:23,1
DA:24,1
DA:29,0
DA:30,0
DA:31,0
DA:32,0
DA:33,0
DA:34,0
DA:43,0
DA:44,0
DA:46,0
DA:47,0
DA:52,0
DA:53,0
DA:54,0
DA:55,0
DA:56,0
DA:57,0
DA:58,0
DA:60,0
DA:75,0
DA:76,0
DA:77,0
DA:78,0
DA:80,0
DA:81,0
DA:82,0
DA:102,0
DA:104,0
DA:108,0
DA:118,0
DA:119,0
DA:120,0
DA:121,0
DA:128,0
DA:130,0
DA:132,0
DA:133,0
DA:137,1
LF:47
LH:11
BRDA:6,0,0,1
BRDA:6,0,1,1
BRDA:7,1,0,1
BRDA:7,1,1,1
BRDA:8,2,0,1
BRDA:8,2,1,1
BRDA:9,3,0,1
BRDA:9,3,1,1
BRDA:10,4,0,1
BRDA:10,4,1,1
BRDA:18,5,0,2
BRDA:18,5,1,2
BRDA:30,6,0,0
BRDA:30,6,1,0
BRDA:53,7,0,0
BRDA:53,7,1,0
BRDA:56,8,0,0
BRDA:56,8,1,0
BRDA:76,9,0,0
BRDA:76,9,1,0
BRDA:94,10,0,0
BRDA:94,10,1,0
BRDA:95,11,0,0
BRDA:95,11,1,0
BRDA:96,12,0,0
BRDA:96,12,1,0
BRDA:97,13,0,0
BRDA:97,13,1,0
BRDA:113,14,0,0
BRDA:114,15,0,0
BRDA:115,16,0,0
BRDA:116,17,0,0
BRDA:119,18,0,0
BRDA:119,18,1,0
BRF:34
BRH:12
end_of_record
TN:
SF:src/ingestion/p-chain.js
FN:13,connectToPChain
FN:30,fetchValidators
FN:75,fetchSubnets
FN:98,fetchStakingData
FNF:4
FNH:3
FNDA:2,connectToPChain
FNDA:2,fetchValidators
FNDA:2,fetchSubnets
FNDA:0,fetchStakingData
DA:1,1
DA:2,1
DA:3,1
DA:5,1
DA:14,2
DA:15,2
DA:21,1
DA:22,1
DA:23,1
DA:25,1
DA:26,1
DA:31,2
DA:32,2
DA:33,2
DA:34,1
DA:35,1
DA:38,1
DA:39,1
DA:40,1
DA:41,1
DA:55,1
DA:56,1
DA:57,1
DA:58,1
DA:69,1
DA:71,1
DA:76,2
DA:77,2
DA:78,2
DA:80,1
DA:81,1
DA:82,1
DA:92,1
DA:94,1
DA:99,0
DA:100,0
DA:105,0
DA:107,0
DA:111,1
LF:39
LH:35
BRDA:6,0,0,1
BRDA:6,0,1,1
BRDA:7,1,0,1
BRDA:7,1,1,1
BRDA:8,2,0,1
BRDA:8,2,1,1
BRDA:9,3,0,1
BRDA:9,3,1,1
BRDA:10,4,0,1
BRDA:10,4,1,1
BRDA:16,5,0,2
BRDA:16,5,1,2
BRDA:17,6,0,2
BRDA:17,6,1,2
BRDA:51,7,0,1
BRDA:51,7,1,0
BRF:16
BRH:15
end_of_record
TN:
SF:src/ingestion/x-chain.js
FN:15,connectToXChain
FN:32,fetchAssets
FN:62,fetchBalances
FN:83,fetchXTransactions
FN:119,startPeriodicIngestion
FN:122,(anonymous_5)
FNF:6
FNH:3
FNDA:2,connectToXChain
FNDA:2,fetchAssets
FNDA:2,fetchBalances
FNDA:0,fetchXTransactions
FNDA:0,startPeriodicIngestion
FNDA:0,(anonymous_5)
DA:1,1
DA:2,1
DA:3,1
DA:5,1
DA:16,2
DA:17,2
DA:23,1
DA:24,1
DA:25,1
DA:27,1
DA:28,1
DA:33,2
DA:34,2
DA:35,2
DA:38,2
DA:39,2
DA:41,2
DA:55,0
DA:57,2
DA:58,2
DA:63,2
DA:64,2
DA:65,2
DA:67,2
DA:69,2
DA:72,0
DA:76,0
DA:78,2
DA:79,2
DA:84,0
DA:85,0
DA:86,0
DA:93,0
DA:95,0
DA:96,0
DA:112,0
DA:114,0
DA:115,0
DA:121,0
DA:122,0
DA:123,0
DA:124,0
DA:126,0
DA:128,0
DA:133,1
LF:45
LH:27
BRDA:6,0,0,1
BRDA:6,0,1,1
BRDA:7,1,0,1
BRDA:7,1,1,1
BRDA:8,2,0,1
BRDA:8,2,1,1
BRDA:9,3,0,1
BRDA:9,3,1,1
BRDA:10,4,0,1
BRDA:10,4,1,1
BRDA:18,5,0,2
BRDA:18,5,1,2
BRDA:19,6,0,2
BRDA:19,6,1,2
BRDA:34,7,0,0
BRDA:34,7,1,2
BRDA:64,8,0,0
BRDA:64,8,1,2
BRDA:85,9,0,0
BRDA:85,9,1,0
BRDA:119,10,0,0
BRF:21
BRH:16
end_of_record
TN:
SF:src/models/analytics.js
FN:4,(anonymous_0)
FN:21,(anonymous_1)
FN:33,(anonymous_2)
FN:45,(anonymous_3)
FN:49,(anonymous_4)
FN:60,(anonymous_5)
FNF:6
FNH:0
FNDA:0,(anonymous_0)
FNDA:0,(anonymous_1)
FNDA:0,(anonymous_2)
FNDA:0,(anonymous_3)
FNDA:0,(anonymous_4)
FNDA:0,(anonymous_5)
DA:1,2
DA:5,0
DA:6,0
DA:11,0
DA:12,0
DA:13,0
DA:14,0
DA:16,0
DA:17,0
DA:22,0
DA:23,0
DA:24,0
DA:25,0
DA:26,0
DA:28,0
DA:29,0
DA:34,0
DA:35,0
DA:36,0
DA:37,0
DA:38,0
DA:40,0
DA:41,0
DA:46,0
DA:47,0
DA:48,0
DA:49,0
DA:50,0
DA:51,0
DA:52,0
DA:53,0
DA:55,0
DA:56,0
DA:61,0
DA:62,0
DA:63,0
DA:64,0
DA:65,0
DA:67,0
DA:68,0
DA:73,2
LF:41
LH:2
BRDA:21,0,0,0
BRDA:21,1,0,0
BRF:2
BRH:0
end_of_record
TN:
SF:src/models/db.js
FN:15,(anonymous_0)
FNF:1
FNH:0
FNDA:0,(anonymous_0)
DA:1,4
DA:2,4
DA:4,4
DA:15,4
DA:16,0
DA:17,0
DA:20,4
LF:7
LH:5
BRF:0
BRH:0
end_of_record
TN:
SF:src/processing/aggregator.js
FN:12,(anonymous_0)
FN:14,connectRabbitMQ
FN:27,calculateDailyTransactionVolume
FN:64,computeValidatorUptime
FN:99,processJob
FN:114,startConsumer
FN:118,(anonymous_6)
FN:127,queueJob
FNF:8
FNH:4
FNDA:0,(anonymous_0)
FNDA:1,connectRabbitMQ
FNDA:3,calculateDailyTransactionVolume
FNDA:3,computeValidatorUptime
FNDA:0,processJob
FNDA:0,startConsumer
FNDA:0,(anonymous_6)
FNDA:1,queueJob
DA:1,2
DA:2,2
DA:3,2
DA:5,2
DA:7,2
DA:12,2
DA:15,1
DA:16,1
DA:17,1
DA:18,1
DA:19,1
DA:20,1
DA:22,0
DA:23,0
DA:28,3
DA:29,3
DA:30,3
DA:31,3
DA:33,3
DA:38,3
DA:39,3
DA:42,0
DA:43,0
DA:46,0
DA:47,0
DA:56,0
DA:57,0
DA:59,3
DA:60,3
DA:65,3
DA:68,3
DA:73,3
DA:74,3
DA:77,0
DA:78,0
DA:81,0
DA:82,0
DA:91,0
DA:92,0
DA:94,3
DA:95,3
DA:100,0
DA:101,0
DA:102,0
DA:103,0
DA:104,0
DA:105,0
DA:107,0
DA:110,0
DA:115,0
DA:116,0
DA:118,0
DA:119,0
DA:120,0
DA:121,0
DA:122,0
DA:128,1
DA:129,1
DA:130,1
DA:135,2
LF:60
LH:31
BRDA:39,0,0,3
BRDA:39,0,1,0
BRDA:74,1,0,3
BRDA:74,1,1,0
BRDA:102,2,0,0
BRDA:102,2,1,0
BRDA:104,3,0,0
BRDA:104,3,1,0
BRDA:119,4,0,0
BRDA:119,4,1,0
BRF:10
BRH:2
end_of_record
TN:
SF:src/processing/consensus.js
FN:12,(anonymous_0)
FN:14,calculateFinalityTime
FN:57,calculateThroughput
FN:101,calculateNetworkLatency
FNF:4
FNH:3
FNDA:0,(anonymous_0)
FNDA:4,calculateFinalityTime
FNDA:3,calculateThroughput
FNDA:4,calculateNetworkLatency
DA:1,2
DA:2,2
DA:3,2
DA:5,2
DA:7,2
DA:12,2
DA:15,4
DA:16,4
DA:17,4
DA:18,4
DA:19,0
DA:20,0
DA:23,4
DA:29,4
DA:30,4
DA:33,0
DA:36,0
DA:37,0
DA:38,0
DA:47,0
DA:50,0
DA:52,4
DA:53,4
DA:58,3
DA:59,3
DA:60,3
DA:61,3
DA:62,0
DA:63,0
DA:67,3
DA:68,3
DA:70,3
DA:75,3
DA:76,3
DA:77,0
DA:78,0
DA:81,0
DA:84,0
DA:93,0
DA:94,0
DA:96,3
DA:97,3
DA:102,4
DA:103,4
DA:104,4
DA:105,4
DA:106,0
DA:107,0
DA:111,4
DA:115,4
DA:116,4
DA:119,0
DA:122,0
DA:123,0
DA:124,0
DA:133,0
DA:134,0
DA:136,4
DA:137,4
DA:141,2
LF:60
LH:36
BRDA:18,0,0,0
BRDA:18,0,1,4
BRDA:30,1,0,4
BRDA:30,1,1,0
BRDA:61,2,0,0
BRDA:61,2,1,3
BRDA:105,3,0,0
BRDA:105,3,1,4
BRDA:116,4,0,4
BRDA:116,4,1,0
BRF:10
BRH:5
end_of_record
